#-----------------------------------------------------------
# Vivado v2023.2.2 (64-bit)
# SW Build 4126759 on Thu Feb  8 23:53:51 MST 2024
# IP Build 4126054 on Fri Feb  9 11:39:09 MST 2024
# SharedData Build 4115275 on Tue Jan 30 00:40:57 MST 2024
# Start of session at: Tue Apr  9 05:57:02 2024
# Process ID: 25096
# Current directory: C:/Users/aryan/Downloads/udemy/floating_point_/ichip_ps2
# Command line: vivado.exe -gui_launcher_event rodinguilauncherevent27120 C:\Users\aryan\Downloads\udemy\floating_point_\ichip_ps2\ichip_ps2.xpr
# Log file: C:/Users/aryan/Downloads/udemy/floating_point_/ichip_ps2/vivado.log
# Journal file: C:/Users/aryan/Downloads/udemy/floating_point_/ichip_ps2\vivado.jou
# Running On: Aryan-PC, OS: Windows, CPU Frequency: 3294 MHz, CPU Physical cores: 12, Host memory: 7952 MB
#-----------------------------------------------------------
start_gui
open_project C:/Users/aryan/Downloads/udemy/floating_point_/ichip_ps2/ichip_ps2.xpr
WARNING: [Board 49-26] cannot add Board Part xilinx.com:vek280_es:part0:1.0 available at C:/Xilinx/Vivado/2023.2/data/xhub/boards/XilinxBoardStore/boards/Xilinx/vek280/es/rev_a/1.0/board.xml as part xcve2802-vsvh1760-2lp-e-s-es1 specified in board_part file is either invalid or not available
WARNING: [Board 49-26] cannot add Board Part xilinx.com:vek280_es:part0:1.1 available at C:/Xilinx/Vivado/2023.2/data/xhub/boards/XilinxBoardStore/boards/Xilinx/vek280/es/rev_a/1.1/board.xml as part xcve2802-vsvh1760-2lp-e-s-es1 specified in board_part file is either invalid or not available
WARNING: [Board 49-26] cannot add Board Part xilinx.com:vek280_es_revb:part0:1.0 available at C:/Xilinx/Vivado/2023.2/data/xhub/boards/XilinxBoardStore/boards/Xilinx/vek280/es/rev_b/1.0/board.xml as part xcve2802-vsvh1760-2mp-e-s-es1 specified in board_part file is either invalid or not available
WARNING: [Board 49-26] cannot add Board Part xilinx.com:vek280_es_revb:part0:1.1 available at C:/Xilinx/Vivado/2023.2/data/xhub/boards/XilinxBoardStore/boards/Xilinx/vek280/es/rev_b/1.1/board.xml as part xcve2802-vsvh1760-2mp-e-s-es1 specified in board_part file is either invalid or not available
WARNING: [Board 49-26] cannot add Board Part xilinx.com:vhk158_es:part0:1.0 available at C:/Xilinx/Vivado/2023.2/data/xhub/boards/XilinxBoardStore/boards/Xilinx/vhk158/es/1.0/board.xml as part xcvh1582-vsva3697-2mp-e-s-es1 specified in board_part file is either invalid or not available
WARNING: [Board 49-26] cannot add Board Part xilinx.com:vhk158_es:part0:1.1 available at C:/Xilinx/Vivado/2023.2/data/xhub/boards/XilinxBoardStore/boards/Xilinx/vhk158/es/1.1/board.xml as part xcvh1582-vsva3697-2mp-e-s-es1 specified in board_part file is either invalid or not available
WARNING: [Board 49-26] cannot add Board Part xilinx.com:zcu208ld:part0:2.0 available at C:/Xilinx/Vivado/2023.2/data/xhub/boards/XilinxBoardStore/boards/Xilinx/zcu208ld/production/2.0/board.xml as part xczu58dr-fsvg1517-2-i specified in board_part file is either invalid or not available
WARNING: [Board 49-26] cannot add Board Part xilinx.com:zcu216ld:part0:2.0 available at C:/Xilinx/Vivado/2023.2/data/xhub/boards/XilinxBoardStore/boards/Xilinx/zcu216ld/production/2.0/board.xml as part xczu59dr-ffvf1760-2-i specified in board_part file is either invalid or not available
WARNING: [Board 49-26] cannot add Board Part xilinx.com:zcu670:part0:2.0 available at C:/Xilinx/Vivado/2023.2/data/xhub/boards/XilinxBoardStore/boards/Xilinx/zcu670/2.0/board.xml as part xczu67dr-fsve1156-2-i specified in board_part file is either invalid or not available
WARNING: [Board 49-26] cannot add Board Part xilinx.com:zcu670ld:part0:1.0 available at C:/Xilinx/Vivado/2023.2/data/xhub/boards/XilinxBoardStore/boards/Xilinx/zcu670ld/1.0/board.xml as part xczu57dr-fsve1156-2-i specified in board_part file is either invalid or not available
WARNING: [filemgmt 56-3] IP Repository Path: Could not find the directory 'C:/Users/aryan/Downloads/udemy/floating_point_/ip_repo/acc_1_0'.
Scanning sources...
Finished scanning sources
WARNING: [Board 49-151] The current board 'tul.com.tw::pynq-z2:1.0' is from a local repo. The vivado install has a corresponding board with version greater than or equal to the local repo board. Please use boards from vivado install to avoid any upgrade/migrate issues
INFO: [IP_Flow 19-234] Refreshing IP repositories
WARNING: [IP_Flow 19-2248] Failed to load user IP repository 'c:/Users/aryan/Downloads/udemy/floating_point_/ip_repo/acc_1_0'; Can't find the specified path.
If this directory should no longer be in your list of user repositories, go to the IP Settings dialog and remove it.
INFO: [IP_Flow 19-2313] Loaded Vivado IP repository 'C:/Xilinx/Vivado/2023.2/data/ip'.
open_project: Time (s): cpu = 00:00:13 ; elapsed = 00:00:11 . Memory (MB): peak = 1581.336 ; gain = 341.828
update_compile_order -fileset sources_1
create_peripheral xilinx.com user acc 1.0 -dir C:/Users/aryan/Downloads/udemy/floating_point_/ichip_ps2/../ip_repo
add_peripheral_interface S00_AXI -interface_mode slave -axi_type lite [ipx::find_open_core xilinx.com:user:acc:1.0]
set_property VALUE 15 [ipx::get_bus_parameters WIZ_NUM_REG -of_objects [ipx::get_bus_interfaces S00_AXI -of_objects [ipx::find_open_core xilinx.com:user:acc:1.0]]]
add_peripheral_interface M00_AXI -interface_mode master -axi_type lite [ipx::find_open_core xilinx.com:user:acc:1.0]
generate_peripheral -driver -bfm_example_design -debug_hw_example_design [ipx::find_open_core xilinx.com:user:acc:1.0]
write_peripheral [ipx::find_open_core xilinx.com:user:acc:1.0]
set_property  ip_repo_paths  {C:/Users/aryan/Downloads/udemy/floating_point_/ichip_ps2/../ip_repo/acc_1_0 C:/Users/aryan/Downloads/udemy/floating_point_/ip_repo/acc_1_0} [current_project]
update_ip_catalog -rebuild
INFO: [IP_Flow 19-234] Refreshing IP repositories
INFO: [IP_Flow 19-1700] Loaded user IP repository 'c:/Users/aryan/Downloads/udemy/floating_point_/ip_repo/acc_1_0'.
WARNING: [IP_Flow 19-2207] Repository 'c:/Users/aryan/Downloads/udemy/floating_point_/ip_repo/acc_1_0' already exists; ignoring attempt to add it again.
INFO: [IP_Flow 19-1700] Loaded user IP repository 'c:/Users/aryan/Downloads/udemy/floating_point_/ip_repo/acc_1_0'.
ipx::edit_ip_in_project -upgrade true -name edit_acc_v1_0 -directory C:/Users/aryan/Downloads/udemy/floating_point_/ichip_ps2/../ip_repo c:/Users/aryan/Downloads/udemy/floating_point_/ip_repo/acc_1_0/component.xml
INFO: [IP_Flow 19-234] Refreshing IP repositories
INFO: [IP_Flow 19-1704] No user IP repositories specified
INFO: [IP_Flow 19-2313] Loaded Vivado IP repository 'C:/Xilinx/Vivado/2023.2/data/ip'.
WARNING: [Board 49-26] cannot add Board Part xilinx.com:vek280_es:part0:1.0 available at C:/Xilinx/Vivado/2023.2/data/xhub/boards/XilinxBoardStore/boards/Xilinx/vek280/es/rev_a/1.0/board.xml as part xcve2802-vsvh1760-2lp-e-s-es1 specified in board_part file is either invalid or not available
WARNING: [Board 49-26] cannot add Board Part xilinx.com:vek280_es:part0:1.1 available at C:/Xilinx/Vivado/2023.2/data/xhub/boards/XilinxBoardStore/boards/Xilinx/vek280/es/rev_a/1.1/board.xml as part xcve2802-vsvh1760-2lp-e-s-es1 specified in board_part file is either invalid or not available
WARNING: [Board 49-26] cannot add Board Part xilinx.com:vek280_es_revb:part0:1.0 available at C:/Xilinx/Vivado/2023.2/data/xhub/boards/XilinxBoardStore/boards/Xilinx/vek280/es/rev_b/1.0/board.xml as part xcve2802-vsvh1760-2mp-e-s-es1 specified in board_part file is either invalid or not available
WARNING: [Board 49-26] cannot add Board Part xilinx.com:vek280_es_revb:part0:1.1 available at C:/Xilinx/Vivado/2023.2/data/xhub/boards/XilinxBoardStore/boards/Xilinx/vek280/es/rev_b/1.1/board.xml as part xcve2802-vsvh1760-2mp-e-s-es1 specified in board_part file is either invalid or not available
WARNING: [Board 49-26] cannot add Board Part xilinx.com:vhk158_es:part0:1.0 available at C:/Xilinx/Vivado/2023.2/data/xhub/boards/XilinxBoardStore/boards/Xilinx/vhk158/es/1.0/board.xml as part xcvh1582-vsva3697-2mp-e-s-es1 specified in board_part file is either invalid or not available
WARNING: [Board 49-26] cannot add Board Part xilinx.com:vhk158_es:part0:1.1 available at C:/Xilinx/Vivado/2023.2/data/xhub/boards/XilinxBoardStore/boards/Xilinx/vhk158/es/1.1/board.xml as part xcvh1582-vsva3697-2mp-e-s-es1 specified in board_part file is either invalid or not available
WARNING: [Board 49-26] cannot add Board Part xilinx.com:zcu208ld:part0:2.0 available at C:/Xilinx/Vivado/2023.2/data/xhub/boards/XilinxBoardStore/boards/Xilinx/zcu208ld/production/2.0/board.xml as part xczu58dr-fsvg1517-2-i specified in board_part file is either invalid or not available
WARNING: [Board 49-26] cannot add Board Part xilinx.com:zcu216ld:part0:2.0 available at C:/Xilinx/Vivado/2023.2/data/xhub/boards/XilinxBoardStore/boards/Xilinx/zcu216ld/production/2.0/board.xml as part xczu59dr-ffvf1760-2-i specified in board_part file is either invalid or not available
WARNING: [Board 49-26] cannot add Board Part xilinx.com:zcu670:part0:2.0 available at C:/Xilinx/Vivado/2023.2/data/xhub/boards/XilinxBoardStore/boards/Xilinx/zcu670/2.0/board.xml as part xczu67dr-fsve1156-2-i specified in board_part file is either invalid or not available
WARNING: [Board 49-26] cannot add Board Part xilinx.com:zcu670ld:part0:1.0 available at C:/Xilinx/Vivado/2023.2/data/xhub/boards/XilinxBoardStore/boards/Xilinx/zcu670ld/1.0/board.xml as part xczu57dr-fsve1156-2-i specified in board_part file is either invalid or not available
WARNING: [Board 49-151] The current board 'tul.com.tw::pynq-z2:1.0' is from a local repo. The vivado install has a corresponding board with version greater than or equal to the local repo board. Please use boards from vivado install to avoid any upgrade/migrate issues
INFO: [IP_Flow 19-234] Refreshing IP repositories
INFO: [IP_Flow 19-1700] Loaded user IP repository 'c:/Users/aryan/Downloads/udemy/floating_point_/ip_repo/acc_1_0'.
WARNING: [IP_Flow 19-2207] Repository 'c:/Users/aryan/Downloads/udemy/floating_point_/ip_repo/acc_1_0' already exists; ignoring attempt to add it again.
INFO: [IP_Flow 19-1700] Loaded user IP repository 'c:/Users/aryan/Downloads/udemy/floating_point_/ip_repo/acc_1_0'.
INFO: [IP_Flow 19-795] Syncing license key meta-data
update_compile_order -fileset sources_1
close_project
create_peripheral xilinx.com user acc_ip 1.0 -dir C:/Users/aryan/Downloads/udemy/floating_point_/ichip_ps2/../ip_repo
add_peripheral_interface S00_AXI -interface_mode slave -axi_type lite [ipx::find_open_core xilinx.com:user:acc_ip:1.0]
set_property VALUE 15 [ipx::get_bus_parameters WIZ_NUM_REG -of_objects [ipx::get_bus_interfaces S00_AXI -of_objects [ipx::find_open_core xilinx.com:user:acc_ip:1.0]]]
add_peripheral_interface M00_AXI -interface_mode master -axi_type lite [ipx::find_open_core xilinx.com:user:acc_ip:1.0]
generate_peripheral -driver -bfm_example_design -debug_hw_example_design [ipx::find_open_core xilinx.com:user:acc_ip:1.0]
write_peripheral [ipx::find_open_core xilinx.com:user:acc_ip:1.0]
set_property  ip_repo_paths  {C:/Users/aryan/Downloads/udemy/floating_point_/ichip_ps2/../ip_repo/acc_ip_1_0 C:/Users/aryan/Downloads/udemy/floating_point_/ip_repo/acc_1_0 C:/Users/aryan/Downloads/udemy/floating_point_/ip_repo/acc_1_0} [current_project]
update_ip_catalog -rebuild
INFO: [IP_Flow 19-234] Refreshing IP repositories
INFO: [IP_Flow 19-1700] Loaded user IP repository 'c:/Users/aryan/Downloads/udemy/floating_point_/ip_repo/acc_ip_1_0'.
WARNING: [IP_Flow 19-2248] Failed to load user IP repository 'c:/Users/aryan/Downloads/udemy/floating_point_/ip_repo/acc_1_0'; Can't find the specified path.
If this directory should no longer be in your list of user repositories, go to the IP Settings dialog and remove it.
WARNING: [IP_Flow 19-2207] Repository 'c:/Users/aryan/Downloads/udemy/floating_point_/ip_repo/acc_1_0' already exists; ignoring attempt to add it again.
WARNING: [IP_Flow 19-2248] Failed to load user IP repository 'c:/Users/aryan/Downloads/udemy/floating_point_/ip_repo/acc_1_0'; Can't find the specified path.
If this directory should no longer be in your list of user repositories, go to the IP Settings dialog and remove it.
ipx::edit_ip_in_project -upgrade true -name edit_acc_ip_v1_0 -directory C:/Users/aryan/Downloads/udemy/floating_point_/ichip_ps2/../ip_repo c:/Users/aryan/Downloads/udemy/floating_point_/ip_repo/acc_ip_1_0/component.xml
INFO: [IP_Flow 19-234] Refreshing IP repositories
INFO: [IP_Flow 19-1704] No user IP repositories specified
INFO: [IP_Flow 19-2313] Loaded Vivado IP repository 'C:/Xilinx/Vivado/2023.2/data/ip'.
WARNING: [Board 49-26] cannot add Board Part xilinx.com:vek280_es:part0:1.0 available at C:/Xilinx/Vivado/2023.2/data/xhub/boards/XilinxBoardStore/boards/Xilinx/vek280/es/rev_a/1.0/board.xml as part xcve2802-vsvh1760-2lp-e-s-es1 specified in board_part file is either invalid or not available
WARNING: [Board 49-26] cannot add Board Part xilinx.com:vek280_es:part0:1.1 available at C:/Xilinx/Vivado/2023.2/data/xhub/boards/XilinxBoardStore/boards/Xilinx/vek280/es/rev_a/1.1/board.xml as part xcve2802-vsvh1760-2lp-e-s-es1 specified in board_part file is either invalid or not available
WARNING: [Board 49-26] cannot add Board Part xilinx.com:vek280_es_revb:part0:1.0 available at C:/Xilinx/Vivado/2023.2/data/xhub/boards/XilinxBoardStore/boards/Xilinx/vek280/es/rev_b/1.0/board.xml as part xcve2802-vsvh1760-2mp-e-s-es1 specified in board_part file is either invalid or not available
WARNING: [Board 49-26] cannot add Board Part xilinx.com:vek280_es_revb:part0:1.1 available at C:/Xilinx/Vivado/2023.2/data/xhub/boards/XilinxBoardStore/boards/Xilinx/vek280/es/rev_b/1.1/board.xml as part xcve2802-vsvh1760-2mp-e-s-es1 specified in board_part file is either invalid or not available
WARNING: [Board 49-26] cannot add Board Part xilinx.com:vhk158_es:part0:1.0 available at C:/Xilinx/Vivado/2023.2/data/xhub/boards/XilinxBoardStore/boards/Xilinx/vhk158/es/1.0/board.xml as part xcvh1582-vsva3697-2mp-e-s-es1 specified in board_part file is either invalid or not available
WARNING: [Board 49-26] cannot add Board Part xilinx.com:vhk158_es:part0:1.1 available at C:/Xilinx/Vivado/2023.2/data/xhub/boards/XilinxBoardStore/boards/Xilinx/vhk158/es/1.1/board.xml as part xcvh1582-vsva3697-2mp-e-s-es1 specified in board_part file is either invalid or not available
WARNING: [Board 49-26] cannot add Board Part xilinx.com:zcu208ld:part0:2.0 available at C:/Xilinx/Vivado/2023.2/data/xhub/boards/XilinxBoardStore/boards/Xilinx/zcu208ld/production/2.0/board.xml as part xczu58dr-fsvg1517-2-i specified in board_part file is either invalid or not available
WARNING: [Board 49-26] cannot add Board Part xilinx.com:zcu216ld:part0:2.0 available at C:/Xilinx/Vivado/2023.2/data/xhub/boards/XilinxBoardStore/boards/Xilinx/zcu216ld/production/2.0/board.xml as part xczu59dr-ffvf1760-2-i specified in board_part file is either invalid or not available
WARNING: [Board 49-26] cannot add Board Part xilinx.com:zcu670:part0:2.0 available at C:/Xilinx/Vivado/2023.2/data/xhub/boards/XilinxBoardStore/boards/Xilinx/zcu670/2.0/board.xml as part xczu67dr-fsve1156-2-i specified in board_part file is either invalid or not available
WARNING: [Board 49-26] cannot add Board Part xilinx.com:zcu670ld:part0:1.0 available at C:/Xilinx/Vivado/2023.2/data/xhub/boards/XilinxBoardStore/boards/Xilinx/zcu670ld/1.0/board.xml as part xczu57dr-fsve1156-2-i specified in board_part file is either invalid or not available
WARNING: [Board 49-151] The current board 'tul.com.tw::pynq-z2:1.0' is from a local repo. The vivado install has a corresponding board with version greater than or equal to the local repo board. Please use boards from vivado install to avoid any upgrade/migrate issues
INFO: [IP_Flow 19-234] Refreshing IP repositories
INFO: [IP_Flow 19-1700] Loaded user IP repository 'c:/Users/aryan/Downloads/udemy/floating_point_/ip_repo/acc_ip_1_0'.
WARNING: [IP_Flow 19-2248] Failed to load user IP repository 'c:/Users/aryan/Downloads/udemy/floating_point_/ip_repo/acc_1_0'; Can't find the specified path.
If this directory should no longer be in your list of user repositories, go to the IP Settings dialog and remove it.
WARNING: [IP_Flow 19-2207] Repository 'c:/Users/aryan/Downloads/udemy/floating_point_/ip_repo/acc_1_0' already exists; ignoring attempt to add it again.
WARNING: [IP_Flow 19-2248] Failed to load user IP repository 'c:/Users/aryan/Downloads/udemy/floating_point_/ip_repo/acc_1_0'; Can't find the specified path.
If this directory should no longer be in your list of user repositories, go to the IP Settings dialog and remove it.
INFO: [IP_Flow 19-795] Syncing license key meta-data
update_compile_order -fileset sources_1
close [ open C:/Users/aryan/Downloads/udemy/ip_repo/systolic.v w ]
add_files C:/Users/aryan/Downloads/udemy/ip_repo/systolic.v
update_compile_order -fileset sources_1
export_ip_user_files -of_objects  [get_files C:/Users/aryan/Downloads/udemy/ip_repo/systolic.v] -no_script -reset -force -quiet
remove_files  C:/Users/aryan/Downloads/udemy/ip_repo/systolic.v
close [ open C:/Users/aryan/Downloads/udemy/floating_point_/ip_repo/systolic.v w ]
add_files C:/Users/aryan/Downloads/udemy/floating_point_/ip_repo/systolic.v
close [ open C:/Users/aryan/Downloads/udemy/floating_point_/ip_repo/controller.v w ]
add_files C:/Users/aryan/Downloads/udemy/floating_point_/ip_repo/controller.v
update_compile_order -fileset sources_1
export_ip_user_files -of_objects  [get_files C:/Users/aryan/Downloads/udemy/floating_point_/ip_repo/controller.v] -no_script -reset -force -quiet
remove_files  C:/Users/aryan/Downloads/udemy/floating_point_/ip_repo/controller.v
add_files -norecurse -copy_to c:/Users/aryan/Downloads/udemy/floating_point_/ip_repo/acc_ip_1_0/src {C:/Users/aryan/Downloads/udemy/floating_point_/ip_repo/weight_memory.v C:/Users/aryan/Downloads/udemy/floating_point_/ip_repo/processing_element.v C:/Users/aryan/Downloads/udemy/floating_point_/ip_repo/adder.v C:/Users/aryan/Downloads/udemy/floating_point_/ip_repo/systolic.v C:/Users/aryan/Downloads/udemy/floating_point_/ip_repo/controller.v C:/Users/aryan/Downloads/udemy/floating_point_/ip_repo/input_memory.v C:/Users/aryan/Downloads/udemy/floating_point_/ip_repo/multiplier.v}
update_compile_order -fileset sources_1
export_ip_user_files -of_objects  [get_files C:/Users/aryan/Downloads/udemy/floating_point_/ip_repo/systolic.v] -no_script -reset -force -quiet
remove_files  C:/Users/aryan/Downloads/udemy/floating_point_/ip_repo/systolic.v
WARNING: [filemgmt 56-199] Attempt to get parsing info during refresh. "On-the-fly" syntax checking information may be incorrect. [c:\Users\aryan\Downloads\udemy\floating_point_\ip_repo\acc_ip_1_0\hdl\acc_ip_v1_0.v:]
WARNING: [filemgmt 56-199] Attempt to get parsing info during refresh. "On-the-fly" syntax checking information may be incorrect. [c:\Users\aryan\Downloads\udemy\floating_point_\ip_repo\acc_ip_1_0\src\input_memory.v:]
WARNING: [filemgmt 56-199] Attempt to get parsing info during refresh. "On-the-fly" syntax checking information may be incorrect. [c:\Users\aryan\Downloads\udemy\floating_point_\ip_repo\acc_ip_1_0\hdl\acc_ip_v1_0_S00_AXI.v:]
WARNING: [filemgmt 56-199] Attempt to get parsing info during refresh. "On-the-fly" syntax checking information may be incorrect. [c:\Users\aryan\Downloads\udemy\floating_point_\ip_repo\acc_ip_1_0\src\controller.v:]
WARNING: [filemgmt 56-199] Attempt to get parsing info during refresh. "On-the-fly" syntax checking information may be incorrect. [c:\Users\aryan\Downloads\udemy\floating_point_\ip_repo\acc_ip_1_0\hdl\acc_ip_v1_0_M00_AXI.v:]
WARNING: [filemgmt 56-199] Attempt to get parsing info during refresh. "On-the-fly" syntax checking information may be incorrect. [c:\Users\aryan\Downloads\udemy\floating_point_\ip_repo\acc_ip_1_0\src\systolic.v:]
WARNING: [filemgmt 56-199] Attempt to get parsing info during refresh. "On-the-fly" syntax checking information may be incorrect. [c:\Users\aryan\Downloads\udemy\floating_point_\ip_repo\acc_ip_1_0\src\weight_memory.v:]
WARNING: [filemgmt 56-199] Attempt to get parsing info during refresh. "On-the-fly" syntax checking information may be incorrect. [c:\Users\aryan\Downloads\udemy\floating_point_\ip_repo\acc_ip_1_0\hdl\acc_ip_v1_0.v:]
WARNING: [filemgmt 56-199] Attempt to get parsing info during refresh. "On-the-fly" syntax checking information may be incorrect. [c:\Users\aryan\Downloads\udemy\floating_point_\ip_repo\acc_ip_1_0\src\input_memory.v:]
WARNING: [filemgmt 56-199] Attempt to get parsing info during refresh. "On-the-fly" syntax checking information may be incorrect. [c:\Users\aryan\Downloads\udemy\floating_point_\ip_repo\acc_ip_1_0\hdl\acc_ip_v1_0_S00_AXI.v:]
WARNING: [filemgmt 56-199] Attempt to get parsing info during refresh. "On-the-fly" syntax checking information may be incorrect. [c:\Users\aryan\Downloads\udemy\floating_point_\ip_repo\acc_ip_1_0\src\controller.v:]
WARNING: [filemgmt 56-199] Attempt to get parsing info during refresh. "On-the-fly" syntax checking information may be incorrect. [c:\Users\aryan\Downloads\udemy\floating_point_\ip_repo\acc_ip_1_0\hdl\acc_ip_v1_0_M00_AXI.v:]
WARNING: [filemgmt 56-199] Attempt to get parsing info during refresh. "On-the-fly" syntax checking information may be incorrect. [c:\Users\aryan\Downloads\udemy\floating_point_\ip_repo\acc_ip_1_0\src\systolic.v:]
WARNING: [filemgmt 56-199] Attempt to get parsing info during refresh. "On-the-fly" syntax checking information may be incorrect. [c:\Users\aryan\Downloads\udemy\floating_point_\ip_repo\acc_ip_1_0\src\weight_memory.v:]
WARNING: [filemgmt 56-199] Attempt to get parsing info during refresh. "On-the-fly" syntax checking information may be incorrect. [c:\Users\aryan\Downloads\udemy\floating_point_\ip_repo\acc_ip_1_0\hdl\acc_ip_v1_0.v:]
WARNING: [filemgmt 56-199] Attempt to get parsing info during refresh. "On-the-fly" syntax checking information may be incorrect. [c:\Users\aryan\Downloads\udemy\floating_point_\ip_repo\acc_ip_1_0\src\input_memory.v:]
WARNING: [filemgmt 56-199] Attempt to get parsing info during refresh. "On-the-fly" syntax checking information may be incorrect. [c:\Users\aryan\Downloads\udemy\floating_point_\ip_repo\acc_ip_1_0\hdl\acc_ip_v1_0_S00_AXI.v:]
WARNING: [filemgmt 56-199] Attempt to get parsing info during refresh. "On-the-fly" syntax checking information may be incorrect. [c:\Users\aryan\Downloads\udemy\floating_point_\ip_repo\acc_ip_1_0\src\controller.v:]
WARNING: [filemgmt 56-199] Attempt to get parsing info during refresh. "On-the-fly" syntax checking information may be incorrect. [c:\Users\aryan\Downloads\udemy\floating_point_\ip_repo\acc_ip_1_0\hdl\acc_ip_v1_0_M00_AXI.v:]
WARNING: [filemgmt 56-199] Attempt to get parsing info during refresh. "On-the-fly" syntax checking information may be incorrect. [c:\Users\aryan\Downloads\udemy\floating_point_\ip_repo\acc_ip_1_0\src\systolic.v:]
WARNING: [filemgmt 56-199] Attempt to get parsing info during refresh. "On-the-fly" syntax checking information may be incorrect. [c:\Users\aryan\Downloads\udemy\floating_point_\ip_repo\acc_ip_1_0\src\weight_memory.v:]
WARNING: [filemgmt 56-199] Attempt to get parsing info during refresh. "On-the-fly" syntax checking information may be incorrect. [c:\Users\aryan\Downloads\udemy\floating_point_\ip_repo\acc_ip_1_0\hdl\acc_ip_v1_0.v:]
WARNING: [filemgmt 56-199] Attempt to get parsing info during refresh. "On-the-fly" syntax checking information may be incorrect. [c:\Users\aryan\Downloads\udemy\floating_point_\ip_repo\acc_ip_1_0\src\input_memory.v:]
WARNING: [filemgmt 56-199] Attempt to get parsing info during refresh. "On-the-fly" syntax checking information may be incorrect. [c:\Users\aryan\Downloads\udemy\floating_point_\ip_repo\acc_ip_1_0\hdl\acc_ip_v1_0_S00_AXI.v:]
WARNING: [filemgmt 56-199] Attempt to get parsing info during refresh. "On-the-fly" syntax checking information may be incorrect. [c:\Users\aryan\Downloads\udemy\floating_point_\ip_repo\acc_ip_1_0\src\controller.v:]
WARNING: [filemgmt 56-199] Attempt to get parsing info during refresh. "On-the-fly" syntax checking information may be incorrect. [c:\Users\aryan\Downloads\udemy\floating_point_\ip_repo\acc_ip_1_0\hdl\acc_ip_v1_0_M00_AXI.v:]
WARNING: [filemgmt 56-199] Attempt to get parsing info during refresh. "On-the-fly" syntax checking information may be incorrect. [c:\Users\aryan\Downloads\udemy\floating_point_\ip_repo\acc_ip_1_0\src\systolic.v:]
WARNING: [filemgmt 56-199] Attempt to get parsing info during refresh. "On-the-fly" syntax checking information may be incorrect. [c:\Users\aryan\Downloads\udemy\floating_point_\ip_repo\acc_ip_1_0\src\weight_memory.v:]
WARNING: [filemgmt 56-199] Attempt to get parsing info during refresh. "On-the-fly" syntax checking information may be incorrect. [c:\Users\aryan\Downloads\udemy\floating_point_\ip_repo\acc_ip_1_0\hdl\acc_ip_v1_0.v:]
WARNING: [filemgmt 56-199] Attempt to get parsing info during refresh. "On-the-fly" syntax checking information may be incorrect. [c:\Users\aryan\Downloads\udemy\floating_point_\ip_repo\acc_ip_1_0\src\input_memory.v:]
WARNING: [filemgmt 56-199] Attempt to get parsing info during refresh. "On-the-fly" syntax checking information may be incorrect. [c:\Users\aryan\Downloads\udemy\floating_point_\ip_repo\acc_ip_1_0\hdl\acc_ip_v1_0_S00_AXI.v:]
WARNING: [filemgmt 56-199] Attempt to get parsing info during refresh. "On-the-fly" syntax checking information may be incorrect. [c:\Users\aryan\Downloads\udemy\floating_point_\ip_repo\acc_ip_1_0\src\controller.v:]
WARNING: [filemgmt 56-199] Attempt to get parsing info during refresh. "On-the-fly" syntax checking information may be incorrect. [c:\Users\aryan\Downloads\udemy\floating_point_\ip_repo\acc_ip_1_0\hdl\acc_ip_v1_0_M00_AXI.v:]
WARNING: [filemgmt 56-199] Attempt to get parsing info during refresh. "On-the-fly" syntax checking information may be incorrect. [c:\Users\aryan\Downloads\udemy\floating_point_\ip_repo\acc_ip_1_0\src\systolic.v:]
WARNING: [filemgmt 56-199] Attempt to get parsing info during refresh. "On-the-fly" syntax checking information may be incorrect. [c:\Users\aryan\Downloads\udemy\floating_point_\ip_repo\acc_ip_1_0\src\weight_memory.v:]
WARNING: [filemgmt 56-199] Attempt to get parsing info during refresh. "On-the-fly" syntax checking information may be incorrect. [c:\Users\aryan\Downloads\udemy\floating_point_\ip_repo\acc_ip_1_0\hdl\acc_ip_v1_0.v:]
WARNING: [filemgmt 56-199] Attempt to get parsing info during refresh. "On-the-fly" syntax checking information may be incorrect. [c:\Users\aryan\Downloads\udemy\floating_point_\ip_repo\acc_ip_1_0\src\input_memory.v:]
WARNING: [filemgmt 56-199] Attempt to get parsing info during refresh. "On-the-fly" syntax checking information may be incorrect. [c:\Users\aryan\Downloads\udemy\floating_point_\ip_repo\acc_ip_1_0\hdl\acc_ip_v1_0_S00_AXI.v:]
WARNING: [filemgmt 56-199] Attempt to get parsing info during refresh. "On-the-fly" syntax checking information may be incorrect. [c:\Users\aryan\Downloads\udemy\floating_point_\ip_repo\acc_ip_1_0\src\controller.v:]
WARNING: [filemgmt 56-199] Attempt to get parsing info during refresh. "On-the-fly" syntax checking information may be incorrect. [c:\Users\aryan\Downloads\udemy\floating_point_\ip_repo\acc_ip_1_0\hdl\acc_ip_v1_0_M00_AXI.v:]
WARNING: [filemgmt 56-199] Attempt to get parsing info during refresh. "On-the-fly" syntax checking information may be incorrect. [c:\Users\aryan\Downloads\udemy\floating_point_\ip_repo\acc_ip_1_0\src\systolic.v:]
WARNING: [filemgmt 56-199] Attempt to get parsing info during refresh. "On-the-fly" syntax checking information may be incorrect. [c:\Users\aryan\Downloads\udemy\floating_point_\ip_repo\acc_ip_1_0\src\weight_memory.v:]
WARNING: [filemgmt 56-199] Attempt to get parsing info during refresh. "On-the-fly" syntax checking information may be incorrect. [c:\Users\aryan\Downloads\udemy\floating_point_\ip_repo\acc_ip_1_0\hdl\acc_ip_v1_0.v:]
WARNING: [filemgmt 56-199] Attempt to get parsing info during refresh. "On-the-fly" syntax checking information may be incorrect. [c:\Users\aryan\Downloads\udemy\floating_point_\ip_repo\acc_ip_1_0\src\input_memory.v:]
WARNING: [filemgmt 56-199] Attempt to get parsing info during refresh. "On-the-fly" syntax checking information may be incorrect. [c:\Users\aryan\Downloads\udemy\floating_point_\ip_repo\acc_ip_1_0\hdl\acc_ip_v1_0_S00_AXI.v:]
WARNING: [filemgmt 56-199] Attempt to get parsing info during refresh. "On-the-fly" syntax checking information may be incorrect. [c:\Users\aryan\Downloads\udemy\floating_point_\ip_repo\acc_ip_1_0\src\controller.v:]
WARNING: [filemgmt 56-199] Attempt to get parsing info during refresh. "On-the-fly" syntax checking information may be incorrect. [c:\Users\aryan\Downloads\udemy\floating_point_\ip_repo\acc_ip_1_0\hdl\acc_ip_v1_0_M00_AXI.v:]
WARNING: [filemgmt 56-199] Attempt to get parsing info during refresh. "On-the-fly" syntax checking information may be incorrect. [c:\Users\aryan\Downloads\udemy\floating_point_\ip_repo\acc_ip_1_0\src\systolic.v:]
WARNING: [filemgmt 56-199] Attempt to get parsing info during refresh. "On-the-fly" syntax checking information may be incorrect. [c:\Users\aryan\Downloads\udemy\floating_point_\ip_repo\acc_ip_1_0\src\weight_memory.v:]
WARNING: [filemgmt 56-199] Attempt to get parsing info during refresh. "On-the-fly" syntax checking information may be incorrect. [c:\Users\aryan\Downloads\udemy\floating_point_\ip_repo\acc_ip_1_0\hdl\acc_ip_v1_0.v:]
WARNING: [filemgmt 56-199] Attempt to get parsing info during refresh. "On-the-fly" syntax checking information may be incorrect. [c:\Users\aryan\Downloads\udemy\floating_point_\ip_repo\acc_ip_1_0\src\input_memory.v:]
WARNING: [filemgmt 56-199] Attempt to get parsing info during refresh. "On-the-fly" syntax checking information may be incorrect. [c:\Users\aryan\Downloads\udemy\floating_point_\ip_repo\acc_ip_1_0\hdl\acc_ip_v1_0_S00_AXI.v:]
WARNING: [filemgmt 56-199] Attempt to get parsing info during refresh. "On-the-fly" syntax checking information may be incorrect. [c:\Users\aryan\Downloads\udemy\floating_point_\ip_repo\acc_ip_1_0\src\controller.v:]
WARNING: [filemgmt 56-199] Attempt to get parsing info during refresh. "On-the-fly" syntax checking information may be incorrect. [c:\Users\aryan\Downloads\udemy\floating_point_\ip_repo\acc_ip_1_0\hdl\acc_ip_v1_0_M00_AXI.v:]
WARNING: [filemgmt 56-199] Attempt to get parsing info during refresh. "On-the-fly" syntax checking information may be incorrect. [c:\Users\aryan\Downloads\udemy\floating_point_\ip_repo\acc_ip_1_0\src\systolic.v:]
WARNING: [filemgmt 56-199] Attempt to get parsing info during refresh. "On-the-fly" syntax checking information may be incorrect. [c:\Users\aryan\Downloads\udemy\floating_point_\ip_repo\acc_ip_1_0\src\weight_memory.v:]
WARNING: [filemgmt 56-199] Attempt to get parsing info during refresh. "On-the-fly" syntax checking information may be incorrect. [c:\Users\aryan\Downloads\udemy\floating_point_\ip_repo\acc_ip_1_0\hdl\acc_ip_v1_0.v:]
WARNING: [filemgmt 56-199] Attempt to get parsing info during refresh. "On-the-fly" syntax checking information may be incorrect. [c:\Users\aryan\Downloads\udemy\floating_point_\ip_repo\acc_ip_1_0\src\input_memory.v:]
WARNING: [filemgmt 56-199] Attempt to get parsing info during refresh. "On-the-fly" syntax checking information may be incorrect. [c:\Users\aryan\Downloads\udemy\floating_point_\ip_repo\acc_ip_1_0\hdl\acc_ip_v1_0_S00_AXI.v:]
WARNING: [filemgmt 56-199] Attempt to get parsing info during refresh. "On-the-fly" syntax checking information may be incorrect. [c:\Users\aryan\Downloads\udemy\floating_point_\ip_repo\acc_ip_1_0\src\controller.v:]
WARNING: [filemgmt 56-199] Attempt to get parsing info during refresh. "On-the-fly" syntax checking information may be incorrect. [c:\Users\aryan\Downloads\udemy\floating_point_\ip_repo\acc_ip_1_0\hdl\acc_ip_v1_0_M00_AXI.v:]
WARNING: [filemgmt 56-199] Attempt to get parsing info during refresh. "On-the-fly" syntax checking information may be incorrect. [c:\Users\aryan\Downloads\udemy\floating_point_\ip_repo\acc_ip_1_0\src\systolic.v:]
WARNING: [filemgmt 56-199] Attempt to get parsing info during refresh. "On-the-fly" syntax checking information may be incorrect. [c:\Users\aryan\Downloads\udemy\floating_point_\ip_repo\acc_ip_1_0\src\weight_memory.v:]
WARNING: [filemgmt 56-199] Attempt to get parsing info during refresh. "On-the-fly" syntax checking information may be incorrect. [c:\Users\aryan\Downloads\udemy\floating_point_\ip_repo\acc_ip_1_0\hdl\acc_ip_v1_0.v:]
WARNING: [filemgmt 56-199] Attempt to get parsing info during refresh. "On-the-fly" syntax checking information may be incorrect. [c:\Users\aryan\Downloads\udemy\floating_point_\ip_repo\acc_ip_1_0\src\input_memory.v:]
WARNING: [filemgmt 56-199] Attempt to get parsing info during refresh. "On-the-fly" syntax checking information may be incorrect. [c:\Users\aryan\Downloads\udemy\floating_point_\ip_repo\acc_ip_1_0\hdl\acc_ip_v1_0_S00_AXI.v:]
WARNING: [filemgmt 56-199] Attempt to get parsing info during refresh. "On-the-fly" syntax checking information may be incorrect. [c:\Users\aryan\Downloads\udemy\floating_point_\ip_repo\acc_ip_1_0\src\controller.v:]
WARNING: [filemgmt 56-199] Attempt to get parsing info during refresh. "On-the-fly" syntax checking information may be incorrect. [c:\Users\aryan\Downloads\udemy\floating_point_\ip_repo\acc_ip_1_0\hdl\acc_ip_v1_0_M00_AXI.v:]
WARNING: [filemgmt 56-199] Attempt to get parsing info during refresh. "On-the-fly" syntax checking information may be incorrect. [c:\Users\aryan\Downloads\udemy\floating_point_\ip_repo\acc_ip_1_0\src\systolic.v:]
WARNING: [filemgmt 56-199] Attempt to get parsing info during refresh. "On-the-fly" syntax checking information may be incorrect. [c:\Users\aryan\Downloads\udemy\floating_point_\ip_repo\acc_ip_1_0\src\weight_memory.v:]
ERROR: [Common 17-180] Spawn failed: No error
WARNING: [filemgmt 56-199] Attempt to get parsing info during refresh. "On-the-fly" syntax checking information may be incorrect. [c:\Users\aryan\Downloads\udemy\floating_point_\ip_repo\acc_ip_1_0\hdl\acc_ip_v1_0.v:]
WARNING: [filemgmt 56-199] Attempt to get parsing info during refresh. "On-the-fly" syntax checking information may be incorrect. [c:\Users\aryan\Downloads\udemy\floating_point_\ip_repo\acc_ip_1_0\src\input_memory.v:]
WARNING: [filemgmt 56-199] Attempt to get parsing info during refresh. "On-the-fly" syntax checking information may be incorrect. [c:\Users\aryan\Downloads\udemy\floating_point_\ip_repo\acc_ip_1_0\hdl\acc_ip_v1_0_S00_AXI.v:]
WARNING: [filemgmt 56-199] Attempt to get parsing info during refresh. "On-the-fly" syntax checking information may be incorrect. [c:\Users\aryan\Downloads\udemy\floating_point_\ip_repo\acc_ip_1_0\src\controller.v:]
WARNING: [filemgmt 56-199] Attempt to get parsing info during refresh. "On-the-fly" syntax checking information may be incorrect. [c:\Users\aryan\Downloads\udemy\floating_point_\ip_repo\acc_ip_1_0\hdl\acc_ip_v1_0_M00_AXI.v:]
WARNING: [filemgmt 56-199] Attempt to get parsing info during refresh. "On-the-fly" syntax checking information may be incorrect. [c:\Users\aryan\Downloads\udemy\floating_point_\ip_repo\acc_ip_1_0\src\systolic.v:]
WARNING: [filemgmt 56-199] Attempt to get parsing info during refresh. "On-the-fly" syntax checking information may be incorrect. [c:\Users\aryan\Downloads\udemy\floating_point_\ip_repo\acc_ip_1_0\src\weight_memory.v:]
WARNING: [filemgmt 56-199] Attempt to get parsing info during refresh. "On-the-fly" syntax checking information may be incorrect. [c:\Users\aryan\Downloads\udemy\floating_point_\ip_repo\acc_ip_1_0\hdl\acc_ip_v1_0.v:]
WARNING: [filemgmt 56-199] Attempt to get parsing info during refresh. "On-the-fly" syntax checking information may be incorrect. [c:\Users\aryan\Downloads\udemy\floating_point_\ip_repo\acc_ip_1_0\src\input_memory.v:]
WARNING: [filemgmt 56-199] Attempt to get parsing info during refresh. "On-the-fly" syntax checking information may be incorrect. [c:\Users\aryan\Downloads\udemy\floating_point_\ip_repo\acc_ip_1_0\hdl\acc_ip_v1_0_S00_AXI.v:]
WARNING: [filemgmt 56-199] Attempt to get parsing info during refresh. "On-the-fly" syntax checking information may be incorrect. [c:\Users\aryan\Downloads\udemy\floating_point_\ip_repo\acc_ip_1_0\src\controller.v:]
WARNING: [filemgmt 56-199] Attempt to get parsing info during refresh. "On-the-fly" syntax checking information may be incorrect. [c:\Users\aryan\Downloads\udemy\floating_point_\ip_repo\acc_ip_1_0\hdl\acc_ip_v1_0_M00_AXI.v:]
WARNING: [filemgmt 56-199] Attempt to get parsing info during refresh. "On-the-fly" syntax checking information may be incorrect. [c:\Users\aryan\Downloads\udemy\floating_point_\ip_repo\acc_ip_1_0\src\systolic.v:]
WARNING: [filemgmt 56-199] Attempt to get parsing info during refresh. "On-the-fly" syntax checking information may be incorrect. [c:\Users\aryan\Downloads\udemy\floating_point_\ip_repo\acc_ip_1_0\src\weight_memory.v:]
WARNING: [filemgmt 56-199] Attempt to get parsing info during refresh. "On-the-fly" syntax checking information may be incorrect. [c:\Users\aryan\Downloads\udemy\floating_point_\ip_repo\acc_ip_1_0\hdl\acc_ip_v1_0.v:]
WARNING: [filemgmt 56-199] Attempt to get parsing info during refresh. "On-the-fly" syntax checking information may be incorrect. [c:\Users\aryan\Downloads\udemy\floating_point_\ip_repo\acc_ip_1_0\src\input_memory.v:]
WARNING: [filemgmt 56-199] Attempt to get parsing info during refresh. "On-the-fly" syntax checking information may be incorrect. [c:\Users\aryan\Downloads\udemy\floating_point_\ip_repo\acc_ip_1_0\hdl\acc_ip_v1_0_S00_AXI.v:]
WARNING: [filemgmt 56-199] Attempt to get parsing info during refresh. "On-the-fly" syntax checking information may be incorrect. [c:\Users\aryan\Downloads\udemy\floating_point_\ip_repo\acc_ip_1_0\src\controller.v:]
WARNING: [filemgmt 56-199] Attempt to get parsing info during refresh. "On-the-fly" syntax checking information may be incorrect. [c:\Users\aryan\Downloads\udemy\floating_point_\ip_repo\acc_ip_1_0\hdl\acc_ip_v1_0_M00_AXI.v:]
WARNING: [filemgmt 56-199] Attempt to get parsing info during refresh. "On-the-fly" syntax checking information may be incorrect. [c:\Users\aryan\Downloads\udemy\floating_point_\ip_repo\acc_ip_1_0\src\systolic.v:]
WARNING: [filemgmt 56-199] Attempt to get parsing info during refresh. "On-the-fly" syntax checking information may be incorrect. [c:\Users\aryan\Downloads\udemy\floating_point_\ip_repo\acc_ip_1_0\src\weight_memory.v:]
WARNING: [filemgmt 56-199] Attempt to get parsing info during refresh. "On-the-fly" syntax checking information may be incorrect. [c:\Users\aryan\Downloads\udemy\floating_point_\ip_repo\acc_ip_1_0\hdl\acc_ip_v1_0.v:]
WARNING: [filemgmt 56-199] Attempt to get parsing info during refresh. "On-the-fly" syntax checking information may be incorrect. [c:\Users\aryan\Downloads\udemy\floating_point_\ip_repo\acc_ip_1_0\src\input_memory.v:]
WARNING: [filemgmt 56-199] Attempt to get parsing info during refresh. "On-the-fly" syntax checking information may be incorrect. [c:\Users\aryan\Downloads\udemy\floating_point_\ip_repo\acc_ip_1_0\hdl\acc_ip_v1_0_S00_AXI.v:]
WARNING: [filemgmt 56-199] Attempt to get parsing info during refresh. "On-the-fly" syntax checking information may be incorrect. [c:\Users\aryan\Downloads\udemy\floating_point_\ip_repo\acc_ip_1_0\src\controller.v:]
WARNING: [filemgmt 56-199] Attempt to get parsing info during refresh. "On-the-fly" syntax checking information may be incorrect. [c:\Users\aryan\Downloads\udemy\floating_point_\ip_repo\acc_ip_1_0\hdl\acc_ip_v1_0_M00_AXI.v:]
WARNING: [filemgmt 56-199] Attempt to get parsing info during refresh. "On-the-fly" syntax checking information may be incorrect. [c:\Users\aryan\Downloads\udemy\floating_point_\ip_repo\acc_ip_1_0\src\systolic.v:]
WARNING: [filemgmt 56-199] Attempt to get parsing info during refresh. "On-the-fly" syntax checking information may be incorrect. [c:\Users\aryan\Downloads\udemy\floating_point_\ip_repo\acc_ip_1_0\src\weight_memory.v:]
WARNING: [filemgmt 56-199] Attempt to get parsing info during refresh. "On-the-fly" syntax checking information may be incorrect. [c:\Users\aryan\Downloads\udemy\floating_point_\ip_repo\acc_ip_1_0\hdl\acc_ip_v1_0.v:]
WARNING: [filemgmt 56-199] Attempt to get parsing info during refresh. "On-the-fly" syntax checking information may be incorrect. [c:\Users\aryan\Downloads\udemy\floating_point_\ip_repo\acc_ip_1_0\src\input_memory.v:]
WARNING: [filemgmt 56-199] Attempt to get parsing info during refresh. "On-the-fly" syntax checking information may be incorrect. [c:\Users\aryan\Downloads\udemy\floating_point_\ip_repo\acc_ip_1_0\hdl\acc_ip_v1_0_S00_AXI.v:]
WARNING: [filemgmt 56-199] Attempt to get parsing info during refresh. "On-the-fly" syntax checking information may be incorrect. [c:\Users\aryan\Downloads\udemy\floating_point_\ip_repo\acc_ip_1_0\src\controller.v:]
WARNING: [filemgmt 56-199] Attempt to get parsing info during refresh. "On-the-fly" syntax checking information may be incorrect. [c:\Users\aryan\Downloads\udemy\floating_point_\ip_repo\acc_ip_1_0\hdl\acc_ip_v1_0_M00_AXI.v:]
WARNING: [filemgmt 56-199] Attempt to get parsing info during refresh. "On-the-fly" syntax checking information may be incorrect. [c:\Users\aryan\Downloads\udemy\floating_point_\ip_repo\acc_ip_1_0\src\systolic.v:]
WARNING: [filemgmt 56-199] Attempt to get parsing info during refresh. "On-the-fly" syntax checking information may be incorrect. [c:\Users\aryan\Downloads\udemy\floating_point_\ip_repo\acc_ip_1_0\src\weight_memory.v:]
WARNING: [filemgmt 56-199] Attempt to get parsing info during refresh. "On-the-fly" syntax checking information may be incorrect. [c:\Users\aryan\Downloads\udemy\floating_point_\ip_repo\acc_ip_1_0\hdl\acc_ip_v1_0.v:]
WARNING: [filemgmt 56-199] Attempt to get parsing info during refresh. "On-the-fly" syntax checking information may be incorrect. [c:\Users\aryan\Downloads\udemy\floating_point_\ip_repo\acc_ip_1_0\src\input_memory.v:]
WARNING: [filemgmt 56-199] Attempt to get parsing info during refresh. "On-the-fly" syntax checking information may be incorrect. [c:\Users\aryan\Downloads\udemy\floating_point_\ip_repo\acc_ip_1_0\hdl\acc_ip_v1_0_S00_AXI.v:]
WARNING: [filemgmt 56-199] Attempt to get parsing info during refresh. "On-the-fly" syntax checking information may be incorrect. [c:\Users\aryan\Downloads\udemy\floating_point_\ip_repo\acc_ip_1_0\src\controller.v:]
WARNING: [filemgmt 56-199] Attempt to get parsing info during refresh. "On-the-fly" syntax checking information may be incorrect. [c:\Users\aryan\Downloads\udemy\floating_point_\ip_repo\acc_ip_1_0\hdl\acc_ip_v1_0_M00_AXI.v:]
WARNING: [filemgmt 56-199] Attempt to get parsing info during refresh. "On-the-fly" syntax checking information may be incorrect. [c:\Users\aryan\Downloads\udemy\floating_point_\ip_repo\acc_ip_1_0\src\systolic.v:]
WARNING: [filemgmt 56-199] Attempt to get parsing info during refresh. "On-the-fly" syntax checking information may be incorrect. [c:\Users\aryan\Downloads\udemy\floating_point_\ip_repo\acc_ip_1_0\src\weight_memory.v:]
WARNING: [filemgmt 56-199] Attempt to get parsing info during refresh. "On-the-fly" syntax checking information may be incorrect. [c:\Users\aryan\Downloads\udemy\floating_point_\ip_repo\acc_ip_1_0\hdl\acc_ip_v1_0.v:]
WARNING: [filemgmt 56-199] Attempt to get parsing info during refresh. "On-the-fly" syntax checking information may be incorrect. [c:\Users\aryan\Downloads\udemy\floating_point_\ip_repo\acc_ip_1_0\src\input_memory.v:]
WARNING: [filemgmt 56-199] Attempt to get parsing info during refresh. "On-the-fly" syntax checking information may be incorrect. [c:\Users\aryan\Downloads\udemy\floating_point_\ip_repo\acc_ip_1_0\hdl\acc_ip_v1_0_S00_AXI.v:]
WARNING: [filemgmt 56-199] Attempt to get parsing info during refresh. "On-the-fly" syntax checking information may be incorrect. [c:\Users\aryan\Downloads\udemy\floating_point_\ip_repo\acc_ip_1_0\src\controller.v:]
WARNING: [filemgmt 56-199] Attempt to get parsing info during refresh. "On-the-fly" syntax checking information may be incorrect. [c:\Users\aryan\Downloads\udemy\floating_point_\ip_repo\acc_ip_1_0\hdl\acc_ip_v1_0_M00_AXI.v:]
WARNING: [filemgmt 56-199] Attempt to get parsing info during refresh. "On-the-fly" syntax checking information may be incorrect. [c:\Users\aryan\Downloads\udemy\floating_point_\ip_repo\acc_ip_1_0\src\systolic.v:]
WARNING: [filemgmt 56-199] Attempt to get parsing info during refresh. "On-the-fly" syntax checking information may be incorrect. [c:\Users\aryan\Downloads\udemy\floating_point_\ip_repo\acc_ip_1_0\src\weight_memory.v:]
update_compile_order -fileset sources_1
WARNING: [filemgmt 56-199] Attempt to get parsing info during refresh. "On-the-fly" syntax checking information may be incorrect. [c:\Users\aryan\Downloads\udemy\floating_point_\ip_repo\acc_ip_1_0\hdl\acc_ip_v1_0.v:]
WARNING: [filemgmt 56-199] Attempt to get parsing info during refresh. "On-the-fly" syntax checking information may be incorrect. [c:\Users\aryan\Downloads\udemy\floating_point_\ip_repo\acc_ip_1_0\src\input_memory.v:]
WARNING: [filemgmt 56-199] Attempt to get parsing info during refresh. "On-the-fly" syntax checking information may be incorrect. [c:\Users\aryan\Downloads\udemy\floating_point_\ip_repo\acc_ip_1_0\hdl\acc_ip_v1_0_S00_AXI.v:]
WARNING: [filemgmt 56-199] Attempt to get parsing info during refresh. "On-the-fly" syntax checking information may be incorrect. [c:\Users\aryan\Downloads\udemy\floating_point_\ip_repo\acc_ip_1_0\src\controller.v:]
WARNING: [filemgmt 56-199] Attempt to get parsing info during refresh. "On-the-fly" syntax checking information may be incorrect. [c:\Users\aryan\Downloads\udemy\floating_point_\ip_repo\acc_ip_1_0\hdl\acc_ip_v1_0_M00_AXI.v:]
WARNING: [filemgmt 56-199] Attempt to get parsing info during refresh. "On-the-fly" syntax checking information may be incorrect. [c:\Users\aryan\Downloads\udemy\floating_point_\ip_repo\acc_ip_1_0\src\systolic.v:]
WARNING: [filemgmt 56-199] Attempt to get parsing info during refresh. "On-the-fly" syntax checking information may be incorrect. [c:\Users\aryan\Downloads\udemy\floating_point_\ip_repo\acc_ip_1_0\src\weight_memory.v:]
WARNING: [filemgmt 56-199] Attempt to get parsing info during refresh. "On-the-fly" syntax checking information may be incorrect. [c:\Users\aryan\Downloads\udemy\floating_point_\ip_repo\acc_ip_1_0\hdl\acc_ip_v1_0.v:]
WARNING: [filemgmt 56-199] Attempt to get parsing info during refresh. "On-the-fly" syntax checking information may be incorrect. [c:\Users\aryan\Downloads\udemy\floating_point_\ip_repo\acc_ip_1_0\src\input_memory.v:]
WARNING: [filemgmt 56-199] Attempt to get parsing info during refresh. "On-the-fly" syntax checking information may be incorrect. [c:\Users\aryan\Downloads\udemy\floating_point_\ip_repo\acc_ip_1_0\hdl\acc_ip_v1_0_S00_AXI.v:]
WARNING: [filemgmt 56-199] Attempt to get parsing info during refresh. "On-the-fly" syntax checking information may be incorrect. [c:\Users\aryan\Downloads\udemy\floating_point_\ip_repo\acc_ip_1_0\src\controller.v:]
WARNING: [filemgmt 56-199] Attempt to get parsing info during refresh. "On-the-fly" syntax checking information may be incorrect. [c:\Users\aryan\Downloads\udemy\floating_point_\ip_repo\acc_ip_1_0\hdl\acc_ip_v1_0_M00_AXI.v:]
WARNING: [filemgmt 56-199] Attempt to get parsing info during refresh. "On-the-fly" syntax checking information may be incorrect. [c:\Users\aryan\Downloads\udemy\floating_point_\ip_repo\acc_ip_1_0\src\systolic.v:]
WARNING: [filemgmt 56-199] Attempt to get parsing info during refresh. "On-the-fly" syntax checking information may be incorrect. [c:\Users\aryan\Downloads\udemy\floating_point_\ip_repo\acc_ip_1_0\src\weight_memory.v:]
WARNING: [filemgmt 56-199] Attempt to get parsing info during refresh. "On-the-fly" syntax checking information may be incorrect. [c:\Users\aryan\Downloads\udemy\floating_point_\ip_repo\acc_ip_1_0\hdl\acc_ip_v1_0.v:]
WARNING: [filemgmt 56-199] Attempt to get parsing info during refresh. "On-the-fly" syntax checking information may be incorrect. [c:\Users\aryan\Downloads\udemy\floating_point_\ip_repo\acc_ip_1_0\src\input_memory.v:]
WARNING: [filemgmt 56-199] Attempt to get parsing info during refresh. "On-the-fly" syntax checking information may be incorrect. [c:\Users\aryan\Downloads\udemy\floating_point_\ip_repo\acc_ip_1_0\hdl\acc_ip_v1_0_S00_AXI.v:]
WARNING: [filemgmt 56-199] Attempt to get parsing info during refresh. "On-the-fly" syntax checking information may be incorrect. [c:\Users\aryan\Downloads\udemy\floating_point_\ip_repo\acc_ip_1_0\src\controller.v:]
WARNING: [filemgmt 56-199] Attempt to get parsing info during refresh. "On-the-fly" syntax checking information may be incorrect. [c:\Users\aryan\Downloads\udemy\floating_point_\ip_repo\acc_ip_1_0\hdl\acc_ip_v1_0_M00_AXI.v:]
WARNING: [filemgmt 56-199] Attempt to get parsing info during refresh. "On-the-fly" syntax checking information may be incorrect. [c:\Users\aryan\Downloads\udemy\floating_point_\ip_repo\acc_ip_1_0\src\systolic.v:]
WARNING: [filemgmt 56-199] Attempt to get parsing info during refresh. "On-the-fly" syntax checking information may be incorrect. [c:\Users\aryan\Downloads\udemy\floating_point_\ip_repo\acc_ip_1_0\src\weight_memory.v:]
WARNING: [filemgmt 56-199] Attempt to get parsing info during refresh. "On-the-fly" syntax checking information may be incorrect. [c:\Users\aryan\Downloads\udemy\floating_point_\ip_repo\acc_ip_1_0\hdl\acc_ip_v1_0.v:]
WARNING: [filemgmt 56-199] Attempt to get parsing info during refresh. "On-the-fly" syntax checking information may be incorrect. [c:\Users\aryan\Downloads\udemy\floating_point_\ip_repo\acc_ip_1_0\src\input_memory.v:]
WARNING: [filemgmt 56-199] Attempt to get parsing info during refresh. "On-the-fly" syntax checking information may be incorrect. [c:\Users\aryan\Downloads\udemy\floating_point_\ip_repo\acc_ip_1_0\hdl\acc_ip_v1_0_S00_AXI.v:]
WARNING: [filemgmt 56-199] Attempt to get parsing info during refresh. "On-the-fly" syntax checking information may be incorrect. [c:\Users\aryan\Downloads\udemy\floating_point_\ip_repo\acc_ip_1_0\src\controller.v:]
WARNING: [filemgmt 56-199] Attempt to get parsing info during refresh. "On-the-fly" syntax checking information may be incorrect. [c:\Users\aryan\Downloads\udemy\floating_point_\ip_repo\acc_ip_1_0\hdl\acc_ip_v1_0_M00_AXI.v:]
WARNING: [filemgmt 56-199] Attempt to get parsing info during refresh. "On-the-fly" syntax checking information may be incorrect. [c:\Users\aryan\Downloads\udemy\floating_point_\ip_repo\acc_ip_1_0\src\systolic.v:]
WARNING: [filemgmt 56-199] Attempt to get parsing info during refresh. "On-the-fly" syntax checking information may be incorrect. [c:\Users\aryan\Downloads\udemy\floating_point_\ip_repo\acc_ip_1_0\src\weight_memory.v:]
WARNING: [filemgmt 56-199] Attempt to get parsing info during refresh. "On-the-fly" syntax checking information may be incorrect. [c:\Users\aryan\Downloads\udemy\floating_point_\ip_repo\acc_ip_1_0\hdl\acc_ip_v1_0.v:]
WARNING: [filemgmt 56-199] Attempt to get parsing info during refresh. "On-the-fly" syntax checking information may be incorrect. [c:\Users\aryan\Downloads\udemy\floating_point_\ip_repo\acc_ip_1_0\src\input_memory.v:]
WARNING: [filemgmt 56-199] Attempt to get parsing info during refresh. "On-the-fly" syntax checking information may be incorrect. [c:\Users\aryan\Downloads\udemy\floating_point_\ip_repo\acc_ip_1_0\hdl\acc_ip_v1_0_S00_AXI.v:]
WARNING: [filemgmt 56-199] Attempt to get parsing info during refresh. "On-the-fly" syntax checking information may be incorrect. [c:\Users\aryan\Downloads\udemy\floating_point_\ip_repo\acc_ip_1_0\src\controller.v:]
WARNING: [filemgmt 56-199] Attempt to get parsing info during refresh. "On-the-fly" syntax checking information may be incorrect. [c:\Users\aryan\Downloads\udemy\floating_point_\ip_repo\acc_ip_1_0\hdl\acc_ip_v1_0_M00_AXI.v:]
WARNING: [filemgmt 56-199] Attempt to get parsing info during refresh. "On-the-fly" syntax checking information may be incorrect. [c:\Users\aryan\Downloads\udemy\floating_point_\ip_repo\acc_ip_1_0\src\systolic.v:]
WARNING: [filemgmt 56-199] Attempt to get parsing info during refresh. "On-the-fly" syntax checking information may be incorrect. [c:\Users\aryan\Downloads\udemy\floating_point_\ip_repo\acc_ip_1_0\src\weight_memory.v:]
WARNING: [filemgmt 56-199] Attempt to get parsing info during refresh. "On-the-fly" syntax checking information may be incorrect. [c:\Users\aryan\Downloads\udemy\floating_point_\ip_repo\acc_ip_1_0\hdl\acc_ip_v1_0.v:]
WARNING: [filemgmt 56-199] Attempt to get parsing info during refresh. "On-the-fly" syntax checking information may be incorrect. [c:\Users\aryan\Downloads\udemy\floating_point_\ip_repo\acc_ip_1_0\src\input_memory.v:]
WARNING: [filemgmt 56-199] Attempt to get parsing info during refresh. "On-the-fly" syntax checking information may be incorrect. [c:\Users\aryan\Downloads\udemy\floating_point_\ip_repo\acc_ip_1_0\hdl\acc_ip_v1_0_S00_AXI.v:]
WARNING: [filemgmt 56-199] Attempt to get parsing info during refresh. "On-the-fly" syntax checking information may be incorrect. [c:\Users\aryan\Downloads\udemy\floating_point_\ip_repo\acc_ip_1_0\src\controller.v:]
WARNING: [filemgmt 56-199] Attempt to get parsing info during refresh. "On-the-fly" syntax checking information may be incorrect. [c:\Users\aryan\Downloads\udemy\floating_point_\ip_repo\acc_ip_1_0\hdl\acc_ip_v1_0_M00_AXI.v:]
WARNING: [filemgmt 56-199] Attempt to get parsing info during refresh. "On-the-fly" syntax checking information may be incorrect. [c:\Users\aryan\Downloads\udemy\floating_point_\ip_repo\acc_ip_1_0\src\systolic.v:]
WARNING: [filemgmt 56-199] Attempt to get parsing info during refresh. "On-the-fly" syntax checking information may be incorrect. [c:\Users\aryan\Downloads\udemy\floating_point_\ip_repo\acc_ip_1_0\src\weight_memory.v:]
ERROR: [Common 17-180] Spawn failed: No error
ipx::merge_project_changes files [ipx::current_core]
ipx::merge_project_changes hdl_parameters [ipx::current_core]
WARNING: [IP_Flow 19-4300] HDL parameter 'C_M00_AXI_TRANSACTIONS_NUM' has its value changed from '4' to '81'.
INFO: [IP_Flow 19-3166] Bus Interface 'S00_AXI': References existing memory map 'S00_AXI'.
INFO: [IP_Flow 19-3164] Bus Interface 'M00_AXI': References existing address space 'M00_AXI'.
set_property core_revision 2 [ipx::current_core]
ipx::update_source_project_archive -component [ipx::current_core]
ipx::create_xgui_files [ipx::current_core]
ipx::update_checksums [ipx::current_core]
ipx::check_integrity [ipx::current_core]
WARNING: [IP_Flow 19-11770] Clock interface 'S00_AXI_CLK' has no FREQ_HZ parameter.
WARNING: [IP_Flow 19-11770] Clock interface 'M00_AXI_CLK' has no FREQ_HZ parameter.
INFO: [IP_Flow 19-2181] Payment Required is not set for this core.
INFO: [IP_Flow 19-2187] The Product Guide file is missing.
INFO: [Ipptcl 7-1486] check_integrity: Integrity check passed.
ipx::save_core [ipx::current_core]
WARNING: [filemgmt 56-199] Attempt to get parsing info during refresh. "On-the-fly" syntax checking information may be incorrect. [c:\Users\aryan\Downloads\udemy\floating_point_\ip_repo\acc_ip_1_0\hdl\acc_ip_v1_0.v:]
WARNING: [filemgmt 56-199] Attempt to get parsing info during refresh. "On-the-fly" syntax checking information may be incorrect. [c:\Users\aryan\Downloads\udemy\floating_point_\ip_repo\acc_ip_1_0\src\input_memory.v:]
WARNING: [filemgmt 56-199] Attempt to get parsing info during refresh. "On-the-fly" syntax checking information may be incorrect. [c:\Users\aryan\Downloads\udemy\floating_point_\ip_repo\acc_ip_1_0\hdl\acc_ip_v1_0_S00_AXI.v:]
WARNING: [filemgmt 56-199] Attempt to get parsing info during refresh. "On-the-fly" syntax checking information may be incorrect. [c:\Users\aryan\Downloads\udemy\floating_point_\ip_repo\acc_ip_1_0\src\controller.v:]
WARNING: [filemgmt 56-199] Attempt to get parsing info during refresh. "On-the-fly" syntax checking information may be incorrect. [c:\Users\aryan\Downloads\udemy\floating_point_\ip_repo\acc_ip_1_0\hdl\acc_ip_v1_0_M00_AXI.v:]
WARNING: [filemgmt 56-199] Attempt to get parsing info during refresh. "On-the-fly" syntax checking information may be incorrect. [c:\Users\aryan\Downloads\udemy\floating_point_\ip_repo\acc_ip_1_0\src\systolic.v:]
WARNING: [filemgmt 56-199] Attempt to get parsing info during refresh. "On-the-fly" syntax checking information may be incorrect. [c:\Users\aryan\Downloads\udemy\floating_point_\ip_repo\acc_ip_1_0\src\weight_memory.v:]
WARNING: [filemgmt 56-199] Attempt to get parsing info during refresh. "On-the-fly" syntax checking information may be incorrect. [c:\Users\aryan\Downloads\udemy\floating_point_\ip_repo\acc_ip_1_0\hdl\acc_ip_v1_0.v:]
WARNING: [filemgmt 56-199] Attempt to get parsing info during refresh. "On-the-fly" syntax checking information may be incorrect. [c:\Users\aryan\Downloads\udemy\floating_point_\ip_repo\acc_ip_1_0\src\input_memory.v:]
WARNING: [filemgmt 56-199] Attempt to get parsing info during refresh. "On-the-fly" syntax checking information may be incorrect. [c:\Users\aryan\Downloads\udemy\floating_point_\ip_repo\acc_ip_1_0\hdl\acc_ip_v1_0_S00_AXI.v:]
WARNING: [filemgmt 56-199] Attempt to get parsing info during refresh. "On-the-fly" syntax checking information may be incorrect. [c:\Users\aryan\Downloads\udemy\floating_point_\ip_repo\acc_ip_1_0\src\controller.v:]
WARNING: [filemgmt 56-199] Attempt to get parsing info during refresh. "On-the-fly" syntax checking information may be incorrect. [c:\Users\aryan\Downloads\udemy\floating_point_\ip_repo\acc_ip_1_0\hdl\acc_ip_v1_0_M00_AXI.v:]
WARNING: [filemgmt 56-199] Attempt to get parsing info during refresh. "On-the-fly" syntax checking information may be incorrect. [c:\Users\aryan\Downloads\udemy\floating_point_\ip_repo\acc_ip_1_0\src\systolic.v:]
WARNING: [filemgmt 56-199] Attempt to get parsing info during refresh. "On-the-fly" syntax checking information may be incorrect. [c:\Users\aryan\Downloads\udemy\floating_point_\ip_repo\acc_ip_1_0\src\weight_memory.v:]
WARNING: [filemgmt 56-199] Attempt to get parsing info during refresh. "On-the-fly" syntax checking information may be incorrect. [c:\Users\aryan\Downloads\udemy\floating_point_\ip_repo\acc_ip_1_0\hdl\acc_ip_v1_0.v:]
WARNING: [filemgmt 56-199] Attempt to get parsing info during refresh. "On-the-fly" syntax checking information may be incorrect. [c:\Users\aryan\Downloads\udemy\floating_point_\ip_repo\acc_ip_1_0\src\input_memory.v:]
WARNING: [filemgmt 56-199] Attempt to get parsing info during refresh. "On-the-fly" syntax checking information may be incorrect. [c:\Users\aryan\Downloads\udemy\floating_point_\ip_repo\acc_ip_1_0\hdl\acc_ip_v1_0_S00_AXI.v:]
WARNING: [filemgmt 56-199] Attempt to get parsing info during refresh. "On-the-fly" syntax checking information may be incorrect. [c:\Users\aryan\Downloads\udemy\floating_point_\ip_repo\acc_ip_1_0\src\controller.v:]
WARNING: [filemgmt 56-199] Attempt to get parsing info during refresh. "On-the-fly" syntax checking information may be incorrect. [c:\Users\aryan\Downloads\udemy\floating_point_\ip_repo\acc_ip_1_0\hdl\acc_ip_v1_0_M00_AXI.v:]
WARNING: [filemgmt 56-199] Attempt to get parsing info during refresh. "On-the-fly" syntax checking information may be incorrect. [c:\Users\aryan\Downloads\udemy\floating_point_\ip_repo\acc_ip_1_0\src\systolic.v:]
WARNING: [filemgmt 56-199] Attempt to get parsing info during refresh. "On-the-fly" syntax checking information may be incorrect. [c:\Users\aryan\Downloads\udemy\floating_point_\ip_repo\acc_ip_1_0\src\weight_memory.v:]
WARNING: [filemgmt 56-199] Attempt to get parsing info during refresh. "On-the-fly" syntax checking information may be incorrect. [c:\Users\aryan\Downloads\udemy\floating_point_\ip_repo\acc_ip_1_0\hdl\acc_ip_v1_0.v:]
WARNING: [filemgmt 56-199] Attempt to get parsing info during refresh. "On-the-fly" syntax checking information may be incorrect. [c:\Users\aryan\Downloads\udemy\floating_point_\ip_repo\acc_ip_1_0\src\input_memory.v:]
WARNING: [filemgmt 56-199] Attempt to get parsing info during refresh. "On-the-fly" syntax checking information may be incorrect. [c:\Users\aryan\Downloads\udemy\floating_point_\ip_repo\acc_ip_1_0\hdl\acc_ip_v1_0_S00_AXI.v:]
WARNING: [filemgmt 56-199] Attempt to get parsing info during refresh. "On-the-fly" syntax checking information may be incorrect. [c:\Users\aryan\Downloads\udemy\floating_point_\ip_repo\acc_ip_1_0\src\controller.v:]
WARNING: [filemgmt 56-199] Attempt to get parsing info during refresh. "On-the-fly" syntax checking information may be incorrect. [c:\Users\aryan\Downloads\udemy\floating_point_\ip_repo\acc_ip_1_0\hdl\acc_ip_v1_0_M00_AXI.v:]
WARNING: [filemgmt 56-199] Attempt to get parsing info during refresh. "On-the-fly" syntax checking information may be incorrect. [c:\Users\aryan\Downloads\udemy\floating_point_\ip_repo\acc_ip_1_0\src\systolic.v:]
WARNING: [filemgmt 56-199] Attempt to get parsing info during refresh. "On-the-fly" syntax checking information may be incorrect. [c:\Users\aryan\Downloads\udemy\floating_point_\ip_repo\acc_ip_1_0\src\weight_memory.v:]
ipx::move_temp_component_back -component [ipx::current_core]
close_project -delete
update_ip_catalog -rebuild -repo_path c:/Users/aryan/Downloads/udemy/floating_point_/ip_repo/acc_ip_1_0
INFO: [IP_Flow 19-725] Reloaded user IP repository 'c:/Users/aryan/Downloads/udemy/floating_point_/ip_repo/acc_ip_1_0'
open_bd_design {C:/Users/aryan/Downloads/udemy/floating_point_/ichip_ps2/ichip_ps2.srcs/sources_1/bd/design_1/design_1.bd}
Reading block design file <C:/Users/aryan/Downloads/udemy/floating_point_/ichip_ps2/ichip_ps2.srcs/sources_1/bd/design_1/design_1.bd>...
Adding component instance block -- xilinx.com:ip:microblaze:11.0 - microblaze_0
Adding component instance block -- xilinx.com:ip:lmb_v10:3.0 - dlmb_v10
Adding component instance block -- xilinx.com:ip:lmb_v10:3.0 - ilmb_v10
Adding component instance block -- xilinx.com:ip:lmb_bram_if_cntlr:4.0 - dlmb_bram_if_cntlr
Adding component instance block -- xilinx.com:ip:lmb_bram_if_cntlr:4.0 - ilmb_bram_if_cntlr
Adding component instance block -- xilinx.com:ip:blk_mem_gen:8.4 - lmb_bram
Adding component instance block -- xilinx.com:ip:axi_interconnect:2.1 - microblaze_0_axi_periph
Adding component instance block -- xilinx.com:ip:axi_crossbar:2.1 - xbar
Adding component instance block -- xilinx.com:ip:axi_dwidth_converter:2.1 - auto_us
Adding component instance block -- xilinx.com:ip:axi_dwidth_converter:2.1 - auto_ds
Adding component instance block -- xilinx.com:ip:axi_protocol_converter:2.1 - auto_pc
Adding component instance block -- xilinx.com:ip:axi_dwidth_converter:2.1 - auto_us
Adding component instance block -- xilinx.com:ip:axi_intc:4.1 - microblaze_0_axi_intc
Adding component instance block -- xilinx.com:ip:xlconcat:2.1 - microblaze_0_xlconcat
Adding component instance block -- xilinx.com:ip:mdm:3.2 - mdm_1
Adding component instance block -- xilinx.com:ip:clk_wiz:6.0 - clk_wiz_1
Adding component instance block -- xilinx.com:ip:proc_sys_reset:5.0 - rst_clk_wiz_1_100M
Adding component instance block -- xilinx.com:ip:axi_bram_ctrl:4.1 - axi_bram_ctrl_0
Adding component instance block -- xilinx.com:ip:blk_mem_gen:8.4 - axi_bram_ctrl_0_bram
Successfully read diagram <design_1> from block design file <C:/Users/aryan/Downloads/udemy/floating_point_/ichip_ps2/ichip_ps2.srcs/sources_1/bd/design_1/design_1.bd>
open_bd_design: Time (s): cpu = 00:00:04 ; elapsed = 00:00:08 . Memory (MB): peak = 1805.133 ; gain = 0.000
startgroup
create_bd_cell -type ip -vlnv xilinx.com:user:acc_ip:1.0 acc_ip_0
endgroup
regenerate_bd_layout
delete_bd_objs [get_bd_intf_nets microblaze_0_intc_axi] [get_bd_intf_nets microblaze_0_interrupt] [get_bd_nets microblaze_0_intr] [get_bd_cells microblaze_0_axi_intc]
delete_bd_objs [get_bd_intf_nets microblaze_0_axi_periph_M01_AXI] [get_bd_intf_nets axi_bram_ctrl_0_BRAM_PORTA] [get_bd_cells axi_bram_ctrl_0]
delete_bd_objs [get_bd_cells axi_bram_ctrl_0_bram]
regenerate_bd_layout
startgroup
create_bd_cell -type ip -vlnv xilinx.com:ip:axi_interconnect:2.1 axi_interconnect_0
endgroup
delete_bd_objs [get_bd_cells microblaze_0_xlconcat]
connect_bd_intf_net -boundary_type upper [get_bd_intf_pins microblaze_0_axi_periph/M01_AXI] [get_bd_intf_pins axi_interconnect_0/S00_AXI]
regenerate_bd_layout
connect_bd_intf_net -boundary_type upper [get_bd_intf_pins microblaze_0_axi_periph/M00_AXI] [get_bd_intf_pins acc_ip_0/S00_AXI]
WARNING: [BD 5-699] No address segments matched 'get_bd_addr_segs -of_objects /axi_interconnect_0/xbar/S00_AXI'
regenerate_bd_layout
INFO: [Device 21-403] Loading part xc7z020clg400-1
startgroup
set_property CONFIG.CLK_IN1_BOARD_INTERFACE {Custom} [get_bd_cells clk_wiz_1]
endgroup
WARNING: [BD 5-699] No address segments matched 'get_bd_addr_segs -of_objects /axi_interconnect_0/xbar/S00_AXI'
regenerate_bd_layout
delete_bd_objs [get_bd_nets sys_clock_1] [get_bd_nets clk_wiz_1_locked] [get_bd_cells clk_wiz_1]
delete_bd_objs [get_bd_intf_nets microblaze_0_debug] [get_bd_nets mdm_1_debug_sys_rst] [get_bd_cells mdm_1]
delete_bd_objs [get_bd_ports sys_clock]
delete_bd_objs [get_bd_intf_nets microblaze_0_dlmb_1] [get_bd_intf_nets microblaze_0_ilmb_1] [get_bd_intf_nets microblaze_0_axi_dp] [get_bd_nets rst_clk_wiz_1_100M_mb_reset] [get_bd_cells microblaze_0]
delete_bd_objs [get_bd_nets reset_rtl_1] [get_bd_nets rst_clk_wiz_1_100M_bus_struct_reset] [get_bd_cells rst_clk_wiz_1_100M]
delete_bd_objs [get_bd_cells microblaze_0_local_memory]
delete_bd_objs [get_bd_ports reset_rtl]
startgroup
create_bd_cell -type ip -vlnv xilinx.com:ip:microblaze:11.0 microblaze_0
endgroup
delete_bd_objs [get_bd_intf_nets microblaze_0_axi_periph_M00_AXI] [get_bd_intf_nets microblaze_0_axi_periph_M01_AXI] [get_bd_nets microblaze_0_Clk] [get_bd_nets rst_clk_wiz_1_100M_peripheral_aresetn] [get_bd_cells microblaze_0_axi_periph]
delete_bd_objs [get_bd_cells acc_ip_0]
delete_bd_objs [get_bd_cells axi_interconnect_0]
apply_bd_automation -rule xilinx.com:bd_rule:microblaze -config { axi_intc {1} axi_periph {Enabled} cache {None} clk {New Clocking Wizard} cores {1} debug_module {Debug Only} ecc {None} local_mem {128KB} preset {None}}  [get_bd_cells microblaze_0]
INFO: [Ipptcl 7-1463] No Compatible Board Interface found. Board Tab not created in customize GUI
WARNING: [BD 5-700] No address spaces matched 'get_bd_addr_spaces /microblaze_0'
apply_bd_automation: Time (s): cpu = 00:00:18 ; elapsed = 00:00:22 . Memory (MB): peak = 2461.355 ; gain = 102.648
delete_bd_objs [get_bd_intf_nets microblaze_0_intc_axi]
startgroup
create_bd_cell -type ip -vlnv xilinx.com:ip:axi_interconnect:2.1 axi_interconnect_0
endgroup
set_property location {4 1335 -103} [get_bd_cells axi_interconnect_0]
connect_bd_intf_net -boundary_type upper [get_bd_intf_pins axi_interconnect_0/M01_AXI] [get_bd_intf_pins microblaze_0_axi_intc/s_axi]
startgroup
create_bd_cell -type ip -vlnv xilinx.com:ip:axi_bram_ctrl:4.1 axi_bram_ctrl_0
INFO: [xilinx.com:ip:axi_bram_ctrl:4.1-2] design_1_axi_bram_ctrl_0_1: In IP Integrator, please note that memory depth value gets calculated based on the Data Width of the IP and Address range selected in the Address Editor.Incase a validation error occured on the range of this parameter, please check if the selected Data width and the Address Range are valid. For valid Data width and memory depth values, please refer to the AXI BRAM Controller Product Guide.
INFO: [xilinx.com:ip:axi_bram_ctrl:4.1-1] design_1_axi_bram_ctrl_0_1: In IP Integrator, The Maximum address range supported is 2G. Selecting the address range more than 2G in the address editor may resets the value of Memory depth to default value (1024). please refer to the AXI BRAM Controller Product Guide.
endgroup
set_property location {4 1655 -137} [get_bd_cells axi_bram_ctrl_0]
connect_bd_intf_net -boundary_type upper [get_bd_intf_pins axi_interconnect_0/M00_AXI] [get_bd_intf_pins axi_bram_ctrl_0/S_AXI]
startgroup
create_bd_cell -type ip -vlnv xilinx.com:user:acc_ip:1.0 acc_ip_0
endgroup
regenerate_bd_layout
startgroup
set_property CONFIG.NUM_MI {2} [get_bd_cells microblaze_0_axi_periph]
endgroup
connect_bd_intf_net [get_bd_intf_pins acc_ip_0/S00_AXI] -boundary_type upper [get_bd_intf_pins microblaze_0_axi_periph/M00_AXI]
startgroup
set_property -dict [list \
  CONFIG.NUM_MI {2} \
  CONFIG.NUM_SI {2} \
] [get_bd_cells axi_interconnect_0]
endgroup
connect_bd_intf_net -boundary_type upper [get_bd_intf_pins microblaze_0_axi_periph/M01_AXI] [get_bd_intf_pins axi_interconnect_0/S01_AXI]
connect_bd_intf_net [get_bd_intf_pins acc_ip_0/M00_AXI] -boundary_type upper [get_bd_intf_pins axi_interconnect_0/S00_AXI]
startgroup
apply_bd_automation -rule xilinx.com:bd_rule:clkrst -config { Clk {/clk_wiz_1/clk_out1 (100 MHz)} Freq {100} Ref_Clk0 {} Ref_Clk1 {} Ref_Clk2 {}}  [get_bd_pins acc_ip_0/m00_axi_aclk]
apply_bd_automation -rule xilinx.com:bd_rule:clkrst -config { Clk {/clk_wiz_1/clk_out1 (100 MHz)} Freq {100} Ref_Clk0 {} Ref_Clk1 {} Ref_Clk2 {}}  [get_bd_pins acc_ip_0/s00_axi_aclk]
apply_bd_automation -rule xilinx.com:bd_rule:bram_cntlr -config {BRAM "Auto" }  [get_bd_intf_pins axi_bram_ctrl_0/BRAM_PORTA]
apply_bd_automation -rule xilinx.com:bd_rule:bram_cntlr -config {BRAM "Auto" }  [get_bd_intf_pins axi_bram_ctrl_0/BRAM_PORTB]
apply_bd_automation -rule xilinx.com:bd_rule:clkrst -config { Clk {/clk_wiz_1/clk_out1 (100 MHz)} Freq {100} Ref_Clk0 {} Ref_Clk1 {} Ref_Clk2 {}}  [get_bd_pins axi_bram_ctrl_0/s_axi_aclk]
apply_bd_automation -rule xilinx.com:bd_rule:clkrst -config { Clk {/clk_wiz_1/clk_out1 (100 MHz)} Freq {100} Ref_Clk0 {} Ref_Clk1 {} Ref_Clk2 {}}  [get_bd_pins axi_interconnect_0/ACLK]
INFO: [BD 5-455] Automation on '/axi_interconnect_0/M00_ACLK' will not be run, since it is obsolete due to previously run automations
apply_bd_automation -rule xilinx.com:bd_rule:clkrst -config { Clk {/clk_wiz_1/clk_out1 (100 MHz)} Freq {100} Ref_Clk0 {} Ref_Clk1 {} Ref_Clk2 {}}  [get_bd_pins axi_interconnect_0/M01_ACLK]
INFO: [BD 5-455] Automation on '/axi_interconnect_0/S00_ACLK' will not be run, since it is obsolete due to previously run automations
apply_bd_automation -rule xilinx.com:bd_rule:clkrst -config { Clk {/clk_wiz_1/clk_out1 (100 MHz)} Freq {100} Ref_Clk0 {} Ref_Clk1 {} Ref_Clk2 {}}  [get_bd_pins axi_interconnect_0/S01_ACLK]
apply_bd_automation -rule xilinx.com:bd_rule:board -config { Manual_Source {Auto}}  [get_bd_intf_pins clk_wiz_1/CLK_IN1_D]
INFO: [BoardRule 102-8] create_bd_intf_port -mode Slave -vlnv xilinx.com:interface:diff_clock_rtl:1.0 diff_clock_rtl
INFO: [BoardRule 102-4] set_property CONFIG.FREQ_HZ 100000000 /diff_clock_rtl
INFO: [BoardRule 102-9] connect_bd_intf_net /diff_clock_rtl /clk_wiz_1/CLK_IN1_D
WARNING: [BoardRule 102-1] Board automation did not generate location constraint for /clk_wiz_1/CLK_IN1_D. Users may need to specify the location constraint manually.
apply_bd_automation -rule xilinx.com:bd_rule:board -config { Manual_Source {Auto}}  [get_bd_pins clk_wiz_1/reset]
INFO: [BD 5-455] Automation on '/microblaze_0_axi_periph/M01_ACLK' will not be run, since it is obsolete due to previously run automations
apply_bd_automation -rule xilinx.com:bd_rule:board -config { Manual_Source {Auto}}  [get_bd_pins rst_clk_wiz_1_100M/ext_reset_in]
INFO: [BoardRule 102-10] create_bd_port -dir I reset_rtl -type rst
INFO: [BoardRule 102-7] set_property CONFIG.POLARITY ACTIVE_LOW /reset_rtl
INFO: [BoardRule 102-15] connect_bd_net /reset_rtl /rst_clk_wiz_1_100M/ext_reset_in
INFO: [BoardRule 102-19] set_property CONFIG.POLARITY ACTIVE_LOW /reset_rtl
WARNING: [BoardRule 102-1] Board automation did not generate location constraint for /rst_clk_wiz_1_100M/ext_reset_in. Users may need to specify the location constraint manually.
endgroup
regenerate_bd_layout
regenerate_bd_layout
regenerate_bd_layout
validate_bd_design
CRITICAL WARNING: [BD 41-1356] Slave segment </acc_ip_0/S00_AXI/S00_AXI_reg> is not assigned into address space </microblaze_0/Data>. Please use Address Editor to either assign or exclude it.
CRITICAL WARNING: [BD 41-1356] Slave segment </axi_bram_ctrl_0/S_AXI/Mem0> is not assigned into address space </microblaze_0/Data>. Please use Address Editor to either assign or exclude it.
CRITICAL WARNING: [BD 41-1356] Slave segment </axi_bram_ctrl_0/S_AXI/Mem0> is not assigned into address space </acc_ip_0/M00_AXI>. Please use Address Editor to either assign or exclude it.
CRITICAL WARNING: [BD 41-1356] Slave segment </microblaze_0_axi_intc/S_AXI/Reg> is not assigned into address space </acc_ip_0/M00_AXI>. Please use Address Editor to either assign or exclude it.
WARNING: [BD 5-699] No address segments matched 'get_bd_addr_segs -addressing -of_objects /mdm_1/Debug_SYS_Rst'
WARNING: [BD 5-699] No address segments matched 'get_bd_addr_segs -addressed -of_object /mdm_1/Debug_SYS_Rst'
WARNING: [BD 5-699] No address segments matched 'get_bd_addr_segs -addressing -of_object /mdm_1/Debug_SYS_Rst'
WARNING: [BD 41-2180] Resetting the memory initialization file of </axi_bram_ctrl_0_bram> to default.
WARNING: [filemgmt 56-443] The ECC Algorithm string is empty. Setting the Memory Map to default ECC value to ECC_NONE.
INFO: [xilinx.com:ip:clk_wiz:6.0-1] /clk_wiz_1 clk_wiz propagate
INFO: [xilinx.com:ip:axi_intc:4.1-1] /microblaze_0_axi_intc: The AXI INTC core has been configured to operate with synchronous clocks.
WARNING: [xilinx.com:ip:axi_intc:4.1-4] /microblaze_0_axi_intc: Could not determine interrupt input port type - using default interrupt type Rising Edge. Please change this manually if necessary.
assign_bd_address
Slave segment '/axi_bram_ctrl_0/S_AXI/Mem0' is being assigned into address space '/acc_ip_0/M00_AXI' at <0xC000_0000 [ 8K ]>.
Slave segment '/axi_bram_ctrl_0/S_AXI/Mem0' is being assigned into address space '/microblaze_0/Data' at <0xC000_0000 [ 8K ]>.
Slave segment '/acc_ip_0/S00_AXI/S00_AXI_reg' is being assigned into address space '/microblaze_0/Data' at <0x44A0_0000 [ 64K ]>.
Slave segment '/microblaze_0_axi_intc/S_AXI/Reg' is being assigned into address space '/acc_ip_0/M00_AXI' at <0x4120_0000 [ 64K ]>.
validate_bd_design
WARNING: [filemgmt 56-443] The ECC Algorithm string is empty. Setting the Memory Map to default ECC value to ECC_NONE.
INFO: [xilinx.com:ip:clk_wiz:6.0-1] /clk_wiz_1 clk_wiz propagate
INFO: [xilinx.com:ip:axi_intc:4.1-1] /microblaze_0_axi_intc: The AXI INTC core has been configured to operate with synchronous clocks.
WARNING: [xilinx.com:ip:axi_intc:4.1-4] /microblaze_0_axi_intc: Could not determine interrupt input port type - using default interrupt type Rising Edge. Please change this manually if necessary.
regenerate_bd_layout
set_property offset 0x44A10000 [get_bd_addr_segs {microblaze_0/Data/SEG_dlmb_bram_if_cntlr_Mem}]
set_property offset 0x0 [get_bd_addr_segs {microblaze_0/Data/SEG_acc_ip_0_S00_AXI_reg}]
regenerate_bd_layout
regenerate_bd_layout
validate_bd_design
WARNING: [filemgmt 56-443] The ECC Algorithm string is empty. Setting the Memory Map to default ECC value to ECC_NONE.
INFO: [xilinx.com:ip:clk_wiz:6.0-1] /clk_wiz_1 clk_wiz propagate
INFO: [xilinx.com:ip:axi_intc:4.1-1] /microblaze_0_axi_intc: The AXI INTC core has been configured to operate with synchronous clocks.
WARNING: [xilinx.com:ip:axi_intc:4.1-4] /microblaze_0_axi_intc: Could not determine interrupt input port type - using default interrupt type Rising Edge. Please change this manually if necessary.
save_bd_design
Wrote  : <C:\Users\aryan\Downloads\udemy\floating_point_\ichip_ps2\ichip_ps2.srcs\sources_1\bd\design_1\design_1.bd> 
Wrote  : <C:/Users/aryan/Downloads/udemy/floating_point_/ichip_ps2/ichip_ps2.srcs/sources_1/bd/design_1/ui/bd_1f5defd0.ui> 
exit
INFO: [Common 17-206] Exiting Vivado at Tue Apr  9 06:29:58 2024...
